{
  "F:/RS_School/react/src/store/cardsSlice.ts": {
    "path": "F:/RS_School/react/src/store/cardsSlice.ts",
    "statementMap": {
      "0": {
        "start": {
          "line": 2,
          "column": 21
        },
        "end": {
          "line": 4,
          "column": 1
        }
      },
      "1": {
        "start": {
          "line": 5,
          "column": 19
        },
        "end": {
          "line": 14,
          "column": 2
        }
      },
      "2": {
        "start": {
          "line": 10,
          "column": 19
        },
        "end": {
          "line": 10,
          "column": 33
        }
      },
      "3": {
        "start": {
          "line": 11,
          "column": 6
        },
        "end": {
          "line": 11,
          "column": 29
        }
      },
      "4": {
        "start": {
          "line": 15,
          "column": 27
        },
        "end": {
          "line": 15,
          "column": 45
        }
      }
    },
    "fnMap": {
      "0": {
        "name": "(anonymous_0)",
        "decl": {
          "start": {
            "line": 9,
            "column": 4
          },
          "end": {
            "line": 9,
            "column": 5
          }
        },
        "loc": {
          "start": {
            "line": 9,
            "column": 27
          },
          "end": {
            "line": 12,
            "column": 5
          }
        },
        "line": 9
      }
    },
    "branchMap": {},
    "s": {
      "0": 20,
      "1": 20,
      "2": 3,
      "3": 3,
      "4": 20
    },
    "f": {
      "0": 3
    },
    "b": {},
    "inputSourceMap": {
      "version": 3,
      "sources": [
        "F:/RS_School/react/src/store/cardsSlice.ts"
      ],
      "mappings": "AAAA,SAAwB,mBAAmB;AAe3C,MAAM,eAA0B;AAAA,EAC9B,OAAO,CAAC;AACV;AAEA,MAAM,aAAa,YAAY;AAAA,EAC7B,MAAM;AAAA,EACN;AAAA,EACA,UAAU;AAAA,IACR,QAAQ,OAAO,QAAkC;AAC/C,YAAM,OAAO,OAAO;AACpB,YAAM,MAAM,KAAK,IAAI;AAAA,IACvB;AAAA,EACF;AACF,CAAC;AAEM,aAAM,EAAE,QAAQ,IAAI,WAAW;AACtC,eAAe,WAAW;",
      "names": []
    },
    "_coverageSchema": "1a1c01bbd47fc00a2c39e90264f33305004495a9",
    "hash": "a466d4df4ca0b9f773ba3e392d97a1eb16d44145"
  },
  "F:/RS_School/react/src/store/producstSlice.ts": {
    "path": "F:/RS_School/react/src/store/producstSlice.ts",
    "statementMap": {
      "0": {
        "start": {
          "line": 2,
          "column": 21
        },
        "end": {
          "line": 5,
          "column": 1
        }
      },
      "1": {
        "start": {
          "line": 6,
          "column": 22
        },
        "end": {
          "line": 14,
          "column": 2
        }
      },
      "2": {
        "start": {
          "line": 11,
          "column": 6
        },
        "end": {
          "line": 11,
          "column": 40
        }
      },
      "3": {
        "start": {
          "line": 16,
          "column": 33
        },
        "end": {
          "line": 16,
          "column": 54
        }
      }
    },
    "fnMap": {
      "0": {
        "name": "(anonymous_0)",
        "decl": {
          "start": {
            "line": 10,
            "column": 4
          },
          "end": {
            "line": 10,
            "column": 5
          }
        },
        "loc": {
          "start": {
            "line": 10,
            "column": 33
          },
          "end": {
            "line": 12,
            "column": 5
          }
        },
        "line": 10
      }
    },
    "branchMap": {},
    "s": {
      "0": 20,
      "1": 20,
      "2": 32,
      "3": 20
    },
    "f": {
      "0": 32
    },
    "b": {},
    "inputSourceMap": {
      "version": 3,
      "sources": [
        "F:/RS_School/react/src/store/producstSlice.ts"
      ],
      "mappings": "AAAA,SAAwB,mBAAmB;AAS3C,MAAM,eAA+B;AAAA,EACnC,UAAU,CAAC;AAAA,EACX,YAAY;AACd;AAEA,MAAM,gBAAgB,YAAY;AAAA,EAChC,MAAM;AAAA,EACN;AAAA,EACA,UAAU;AAAA,IACR,cAAc,OAAO,QAA+B;AAClD,YAAM,aAAa,OAAO;AAAA,IAC5B;AAAA,EACF;AACF,CAAC;AAED,eAAe,cAAc;AACtB,aAAM,EAAE,cAAc,IAAI,cAAc;",
      "names": []
    },
    "_coverageSchema": "1a1c01bbd47fc00a2c39e90264f33305004495a9",
    "hash": "60cb5c433e2f9c65b8d020ddfb43bd292daec603"
  },
  "F:/RS_School/react/src/store/api.ts": {
    "path": "F:/RS_School/react/src/store/api.ts",
    "statementMap": {
      "0": {
        "start": {
          "line": 7,
          "column": 18
        },
        "end": {
          "line": 10,
          "column": 1
        }
      },
      "1": {
        "start": {
          "line": 11,
          "column": 26
        },
        "end": {
          "line": 22,
          "column": 2
        }
      },
      "2": {
        "start": {
          "line": 14,
          "column": 27
        },
        "end": {
          "line": 21,
          "column": 3
        }
      },
      "3": {
        "start": {
          "line": 16,
          "column": 23
        },
        "end": {
          "line": 16,
          "column": 57
        }
      },
      "4": {
        "start": {
          "line": 19,
          "column": 21
        },
        "end": {
          "line": 19,
          "column": 28
        }
      },
      "5": {
        "start": {
          "line": 23,
          "column": 62
        },
        "end": {
          "line": 23,
          "column": 72
        }
      }
    },
    "fnMap": {
      "0": {
        "name": "(anonymous_0)",
        "decl": {
          "start": {
            "line": 14,
            "column": 13
          },
          "end": {
            "line": 14,
            "column": 14
          }
        },
        "loc": {
          "start": {
            "line": 14,
            "column": 27
          },
          "end": {
            "line": 21,
            "column": 3
          }
        },
        "line": 14
      },
      "1": {
        "name": "(anonymous_1)",
        "decl": {
          "start": {
            "line": 16,
            "column": 13
          },
          "end": {
            "line": 16,
            "column": 14
          }
        },
        "loc": {
          "start": {
            "line": 16,
            "column": 23
          },
          "end": {
            "line": 16,
            "column": 57
          }
        },
        "line": 16
      },
      "2": {
        "name": "(anonymous_2)",
        "decl": {
          "start": {
            "line": 19,
            "column": 13
          },
          "end": {
            "line": 19,
            "column": 14
          }
        },
        "loc": {
          "start": {
            "line": 19,
            "column": 21
          },
          "end": {
            "line": 19,
            "column": 28
          }
        },
        "line": 19
      }
    },
    "branchMap": {},
    "s": {
      "0": 20,
      "1": 20,
      "2": 20,
      "3": 16,
      "4": 12,
      "5": 20
    },
    "f": {
      "0": 20,
      "1": 16,
      "2": 12
    },
    "b": {},
    "inputSourceMap": {
      "version": 3,
      "sources": [
        "F:/RS_School/react/src/store/api.ts"
      ],
      "mappings": "AAAA;AAAA,EACE;AAAA,EACA;AAAA,EACA;AAAA,EACA;AAAA,OACK;AAKP,MAAM,YAAY;AAAA,EAChB,WAAW;AAAA,EACX,iBAAiB,EAAE,+BAA+B,KAAK,CAAC;AAC1D;AAEO,aAAM,aAAa,UAAU;AAAA,EAClC,aAAa;AAAA,EACb,WAAW,eAAe,EAAE,SAAS,kCAAkC,CAAC;AAAA,EACxE,WAAW,CAAC,aAAa;AAAA,IACvB,gBAAgB,QAAQ,MAA0B;AAAA,MAChD,OAAO,CAAC,SAAS,YAAY;AAAA,IAC/B,CAAC;AAAA,IACD,YAAY,QAAQ,MAAuB;AAAA,MACzC,OAAO,CAAC,OAAO,GAAG;AAAA,IACpB,CAAC;AAAA,EACH;AACF,CAAC;AAIM,aAAM,EAAE,wBAAwB,mBAAmB,IAAI;",
      "names": []
    },
    "_coverageSchema": "1a1c01bbd47fc00a2c39e90264f33305004495a9",
    "hash": "b7f1884abd6dba44ad15ef8f3bc1e0a5ba3552ea"
  },
  "F:/RS_School/react/src/store/store.ts": {
    "path": "F:/RS_School/react/src/store/store.ts",
    "statementMap": {
      "0": {
        "start": {
          "line": 5,
          "column": 20
        },
        "end": {
          "line": 9,
          "column": 2
        }
      },
      "1": {
        "start": {
          "line": 10,
          "column": 26
        },
        "end": {
          "line": 15,
          "column": 1
        }
      },
      "2": {
        "start": {
          "line": 11,
          "column": 2
        },
        "end": {
          "line": 14,
          "column": 5
        }
      },
      "3": {
        "start": {
          "line": 13,
          "column": 42
        },
        "end": {
          "line": 13,
          "column": 94
        }
      }
    },
    "fnMap": {
      "0": {
        "name": "(anonymous_0)",
        "decl": {
          "start": {
            "line": 10,
            "column": 26
          },
          "end": {
            "line": 10,
            "column": 27
          }
        },
        "loc": {
          "start": {
            "line": 10,
            "column": 32
          },
          "end": {
            "line": 15,
            "column": 1
          }
        },
        "line": 10
      },
      "1": {
        "name": "(anonymous_1)",
        "decl": {
          "start": {
            "line": 13,
            "column": 16
          },
          "end": {
            "line": 13,
            "column": 17
          }
        },
        "loc": {
          "start": {
            "line": 13,
            "column": 42
          },
          "end": {
            "line": 13,
            "column": 94
          }
        },
        "line": 13
      }
    },
    "branchMap": {},
    "s": {
      "0": 20,
      "1": 20,
      "2": 20,
      "3": 20
    },
    "f": {
      "0": 20,
      "1": 20
    },
    "b": {},
    "inputSourceMap": {
      "version": 3,
      "sources": [
        "F:/RS_School/react/src/store/store.ts"
      ],
      "mappings": "AAAA,SAAS,iBAAiB,sBAAsB;AAEhD,OAAO,kBAAkB;AACzB,OAAO,qBAAqB;AAC5B,SAAS,kBAAkB;AAE3B,MAAM,cAAc,gBAAgB;AAAA,EAClC,OAAO;AAAA,EACP,UAAU;AAAA,EACV,CAAC,WAAW,WAAW,GAAG,WAAW;AACvC,CAAC;AAEM,aAAM,aAAa,MAAM;AAC9B,SAAO,eAAe;AAAA,IACpB,SAAS;AAAA,IACT,YAAY,CAAC,yBAAyB,qBAAqB,EAAE,OAAO,WAAW,UAAU;AAAA,EAC3F,CAAC;AACH;",
      "names": []
    },
    "_coverageSchema": "1a1c01bbd47fc00a2c39e90264f33305004495a9",
    "hash": "859ec760c30a694118ce0ae381b4a8b6dcccb225"
  },
  "F:/RS_School/react/src/pages/about/about.tsx": {
    "path": "F:/RS_School/react/src/pages/about/about.tsx",
    "statementMap": {
      "0": {
        "start": {
          "line": 5,
          "column": 0
        },
        "end": {
          "line": 15,
          "column": 1
        }
      },
      "1": {
        "start": {
          "line": 6,
          "column": 2
        },
        "end": {
          "line": 8,
          "column": 3
        }
      },
      "2": {
        "start": {
          "line": 7,
          "column": 4
        },
        "end": {
          "line": 7,
          "column": 165
        }
      },
      "3": {
        "start": {
          "line": 9,
          "column": 2
        },
        "end": {
          "line": 9,
          "column": 39
        }
      },
      "4": {
        "start": {
          "line": 10,
          "column": 2
        },
        "end": {
          "line": 10,
          "column": 39
        }
      },
      "5": {
        "start": {
          "line": 11,
          "column": 2
        },
        "end": {
          "line": 13,
          "column": 4
        }
      },
      "6": {
        "start": {
          "line": 12,
          "column": 4
        },
        "end": {
          "line": 12,
          "column": 88
        }
      },
      "7": {
        "start": {
          "line": 14,
          "column": 2
        },
        "end": {
          "line": 14,
          "column": 75
        }
      },
      "8": {
        "start": {
          "line": 16,
          "column": 21
        },
        "end": {
          "line": 22,
          "column": 1
        }
      },
      "9": {
        "start": {
          "line": 17,
          "column": 2
        },
        "end": {
          "line": 21,
          "column": 11
        }
      },
      "10": {
        "start": {
          "line": 23,
          "column": 0
        },
        "end": {
          "line": 23,
          "column": 11
        }
      },
      "11": {
        "start": {
          "line": 25,
          "column": 0
        },
        "end": {
          "line": 25,
          "column": 26
        }
      },
      "12": {
        "start": {
          "line": 26,
          "column": 0
        },
        "end": {
          "line": 42,
          "column": 1
        }
      },
      "13": {
        "start": {
          "line": 27,
          "column": 2
        },
        "end": {
          "line": 27,
          "column": 39
        }
      },
      "14": {
        "start": {
          "line": 28,
          "column": 2
        },
        "end": {
          "line": 28,
          "column": 39
        }
      },
      "15": {
        "start": {
          "line": 29,
          "column": 2
        },
        "end": {
          "line": 41,
          "column": 5
        }
      },
      "16": {
        "start": {
          "line": 33,
          "column": 4
        },
        "end": {
          "line": 33,
          "column": 114
        }
      },
      "17": {
        "start": {
          "line": 34,
          "column": 4
        },
        "end": {
          "line": 40,
          "column": 7
        }
      },
      "18": {
        "start": {
          "line": 35,
          "column": 6
        },
        "end": {
          "line": 36,
          "column": 15
        }
      },
      "19": {
        "start": {
          "line": 36,
          "column": 8
        },
        "end": {
          "line": 36,
          "column": 15
        }
      },
      "20": {
        "start": {
          "line": 37,
          "column": 32
        },
        "end": {
          "line": 37,
          "column": 115
        }
      },
      "21": {
        "start": {
          "line": 38,
          "column": 6
        },
        "end": {
          "line": 39,
          "column": 54
        }
      },
      "22": {
        "start": {
          "line": 39,
          "column": 8
        },
        "end": {
          "line": 39,
          "column": 54
        }
      }
    },
    "fnMap": {
      "0": {
        "name": "(anonymous_0)",
        "decl": {
          "start": {
            "line": 11,
            "column": 24
          },
          "end": {
            "line": 11,
            "column": 25
          }
        },
        "loc": {
          "start": {
            "line": 11,
            "column": 38
          },
          "end": {
            "line": 13,
            "column": 3
          }
        },
        "line": 11
      },
      "1": {
        "name": "(anonymous_1)",
        "decl": {
          "start": {
            "line": 16,
            "column": 21
          },
          "end": {
            "line": 16,
            "column": 22
          }
        },
        "loc": {
          "start": {
            "line": 16,
            "column": 27
          },
          "end": {
            "line": 22,
            "column": 1
          }
        },
        "line": 16
      },
      "2": {
        "name": "(anonymous_2)",
        "decl": {
          "start": {
            "line": 32,
            "column": 9
          },
          "end": {
            "line": 32,
            "column": 10
          }
        },
        "loc": {
          "start": {
            "line": 32,
            "column": 29
          },
          "end": {
            "line": 41,
            "column": 3
          }
        },
        "line": 32
      },
      "3": {
        "name": "(anonymous_3)",
        "decl": {
          "start": {
            "line": 34,
            "column": 27
          },
          "end": {
            "line": 34,
            "column": 28
          }
        },
        "loc": {
          "start": {
            "line": 34,
            "column": 44
          },
          "end": {
            "line": 40,
            "column": 5
          }
        },
        "line": 34
      }
    },
    "branchMap": {
      "0": {
        "loc": {
          "start": {
            "line": 5,
            "column": 0
          },
          "end": {
            "line": 15,
            "column": 1
          }
        },
        "type": "if",
        "locations": [
          {
            "start": {
              "line": 5,
              "column": 0
            },
            "end": {
              "line": 15,
              "column": 1
            }
          },
          {
            "start": {},
            "end": {}
          }
        ],
        "line": 5
      },
      "1": {
        "loc": {
          "start": {
            "line": 6,
            "column": 2
          },
          "end": {
            "line": 8,
            "column": 3
          }
        },
        "type": "if",
        "locations": [
          {
            "start": {
              "line": 6,
              "column": 2
            },
            "end": {
              "line": 8,
              "column": 3
            }
          },
          {
            "start": {},
            "end": {}
          }
        ],
        "line": 6
      },
      "2": {
        "loc": {
          "start": {
            "line": 26,
            "column": 0
          },
          "end": {
            "line": 42,
            "column": 1
          }
        },
        "type": "if",
        "locations": [
          {
            "start": {
              "line": 26,
              "column": 0
            },
            "end": {
              "line": 42,
              "column": 1
            }
          },
          {
            "start": {},
            "end": {}
          }
        ],
        "line": 26
      },
      "3": {
        "loc": {
          "start": {
            "line": 35,
            "column": 6
          },
          "end": {
            "line": 36,
            "column": 15
          }
        },
        "type": "if",
        "locations": [
          {
            "start": {
              "line": 35,
              "column": 6
            },
            "end": {
              "line": 36,
              "column": 15
            }
          },
          {
            "start": {},
            "end": {}
          }
        ],
        "line": 35
      },
      "4": {
        "loc": {
          "start": {
            "line": 38,
            "column": 6
          },
          "end": {
            "line": 39,
            "column": 54
          }
        },
        "type": "if",
        "locations": [
          {
            "start": {
              "line": 38,
              "column": 6
            },
            "end": {
              "line": 39,
              "column": 54
            }
          },
          {
            "start": {},
            "end": {}
          }
        ],
        "line": 38
      }
    },
    "s": {
      "0": 20,
      "1": 20,
      "2": 0,
      "3": 20,
      "4": 20,
      "5": 20,
      "6": 20,
      "7": 20,
      "8": 20,
      "9": 4,
      "10": 20,
      "11": 20,
      "12": 20,
      "13": 20,
      "14": 20,
      "15": 20,
      "16": 18,
      "17": 18,
      "18": 0,
      "19": 0,
      "20": 0,
      "21": 0,
      "22": 0
    },
    "f": {
      "0": 20,
      "1": 4,
      "2": 18,
      "3": 0
    },
    "b": {
      "0": [
        20,
        0
      ],
      "1": [
        0,
        20
      ],
      "2": [
        20,
        0
      ],
      "3": [
        0,
        0
      ],
      "4": [
        0,
        0
      ]
    },
    "inputSourceMap": {
      "version": 3,
      "mappings": "AACS;AADT,OAAO,oBAAoB;AAAA;AAAA;AAAA;AAAA;AAAA;AAAA;AAAA;AAAA;AAAA;AAAA;AAAA;AAAA;AAAA;AAAA;AACzB,SAAO,uBAAC,QAAG,WAAU,kBAAiB,0BAA/B;AAAA;AAAA;AAAA;AAAA,SAAyC;AAClD;AAAEA,KAFWC;AAAK;AAAAC",
      "names": [
        "_c",
        "About",
        "$RefreshReg$"
      ],
      "sources": [
        "F:/RS_School/react/src/pages/about/about.tsx"
      ],
      "file": "F:/RS_School/react/src/pages/about/about.tsx"
    },
    "_coverageSchema": "1a1c01bbd47fc00a2c39e90264f33305004495a9",
    "hash": "ff3d20ebc183f06b935a67db1e614e3faf4b18f6"
  },
  "F:/RS_School/react/src/pages/error/errorPage.tsx": {
    "path": "F:/RS_School/react/src/pages/error/errorPage.tsx",
    "statementMap": {
      "0": {
        "start": {
          "line": 5,
          "column": 0
        },
        "end": {
          "line": 15,
          "column": 1
        }
      },
      "1": {
        "start": {
          "line": 6,
          "column": 2
        },
        "end": {
          "line": 8,
          "column": 3
        }
      },
      "2": {
        "start": {
          "line": 7,
          "column": 4
        },
        "end": {
          "line": 7,
          "column": 165
        }
      },
      "3": {
        "start": {
          "line": 9,
          "column": 2
        },
        "end": {
          "line": 9,
          "column": 39
        }
      },
      "4": {
        "start": {
          "line": 10,
          "column": 2
        },
        "end": {
          "line": 10,
          "column": 39
        }
      },
      "5": {
        "start": {
          "line": 11,
          "column": 2
        },
        "end": {
          "line": 13,
          "column": 4
        }
      },
      "6": {
        "start": {
          "line": 12,
          "column": 4
        },
        "end": {
          "line": 12,
          "column": 92
        }
      },
      "7": {
        "start": {
          "line": 14,
          "column": 2
        },
        "end": {
          "line": 14,
          "column": 75
        }
      },
      "8": {
        "start": {
          "line": 16,
          "column": 25
        },
        "end": {
          "line": 22,
          "column": 1
        }
      },
      "9": {
        "start": {
          "line": 17,
          "column": 2
        },
        "end": {
          "line": 21,
          "column": 11
        }
      },
      "10": {
        "start": {
          "line": 23,
          "column": 0
        },
        "end": {
          "line": 23,
          "column": 15
        }
      },
      "11": {
        "start": {
          "line": 25,
          "column": 0
        },
        "end": {
          "line": 25,
          "column": 30
        }
      },
      "12": {
        "start": {
          "line": 26,
          "column": 0
        },
        "end": {
          "line": 42,
          "column": 1
        }
      },
      "13": {
        "start": {
          "line": 27,
          "column": 2
        },
        "end": {
          "line": 27,
          "column": 39
        }
      },
      "14": {
        "start": {
          "line": 28,
          "column": 2
        },
        "end": {
          "line": 28,
          "column": 39
        }
      },
      "15": {
        "start": {
          "line": 29,
          "column": 2
        },
        "end": {
          "line": 41,
          "column": 5
        }
      },
      "16": {
        "start": {
          "line": 33,
          "column": 4
        },
        "end": {
          "line": 33,
          "column": 118
        }
      },
      "17": {
        "start": {
          "line": 34,
          "column": 4
        },
        "end": {
          "line": 40,
          "column": 7
        }
      },
      "18": {
        "start": {
          "line": 35,
          "column": 6
        },
        "end": {
          "line": 36,
          "column": 15
        }
      },
      "19": {
        "start": {
          "line": 36,
          "column": 8
        },
        "end": {
          "line": 36,
          "column": 15
        }
      },
      "20": {
        "start": {
          "line": 37,
          "column": 32
        },
        "end": {
          "line": 37,
          "column": 115
        }
      },
      "21": {
        "start": {
          "line": 38,
          "column": 6
        },
        "end": {
          "line": 39,
          "column": 54
        }
      },
      "22": {
        "start": {
          "line": 39,
          "column": 8
        },
        "end": {
          "line": 39,
          "column": 54
        }
      }
    },
    "fnMap": {
      "0": {
        "name": "(anonymous_0)",
        "decl": {
          "start": {
            "line": 11,
            "column": 24
          },
          "end": {
            "line": 11,
            "column": 25
          }
        },
        "loc": {
          "start": {
            "line": 11,
            "column": 38
          },
          "end": {
            "line": 13,
            "column": 3
          }
        },
        "line": 11
      },
      "1": {
        "name": "(anonymous_1)",
        "decl": {
          "start": {
            "line": 16,
            "column": 25
          },
          "end": {
            "line": 16,
            "column": 26
          }
        },
        "loc": {
          "start": {
            "line": 16,
            "column": 31
          },
          "end": {
            "line": 22,
            "column": 1
          }
        },
        "line": 16
      },
      "2": {
        "name": "(anonymous_2)",
        "decl": {
          "start": {
            "line": 32,
            "column": 9
          },
          "end": {
            "line": 32,
            "column": 10
          }
        },
        "loc": {
          "start": {
            "line": 32,
            "column": 29
          },
          "end": {
            "line": 41,
            "column": 3
          }
        },
        "line": 32
      },
      "3": {
        "name": "(anonymous_3)",
        "decl": {
          "start": {
            "line": 34,
            "column": 27
          },
          "end": {
            "line": 34,
            "column": 28
          }
        },
        "loc": {
          "start": {
            "line": 34,
            "column": 44
          },
          "end": {
            "line": 40,
            "column": 5
          }
        },
        "line": 34
      }
    },
    "branchMap": {
      "0": {
        "loc": {
          "start": {
            "line": 5,
            "column": 0
          },
          "end": {
            "line": 15,
            "column": 1
          }
        },
        "type": "if",
        "locations": [
          {
            "start": {
              "line": 5,
              "column": 0
            },
            "end": {
              "line": 15,
              "column": 1
            }
          },
          {
            "start": {},
            "end": {}
          }
        ],
        "line": 5
      },
      "1": {
        "loc": {
          "start": {
            "line": 6,
            "column": 2
          },
          "end": {
            "line": 8,
            "column": 3
          }
        },
        "type": "if",
        "locations": [
          {
            "start": {
              "line": 6,
              "column": 2
            },
            "end": {
              "line": 8,
              "column": 3
            }
          },
          {
            "start": {},
            "end": {}
          }
        ],
        "line": 6
      },
      "2": {
        "loc": {
          "start": {
            "line": 26,
            "column": 0
          },
          "end": {
            "line": 42,
            "column": 1
          }
        },
        "type": "if",
        "locations": [
          {
            "start": {
              "line": 26,
              "column": 0
            },
            "end": {
              "line": 42,
              "column": 1
            }
          },
          {
            "start": {},
            "end": {}
          }
        ],
        "line": 26
      },
      "3": {
        "loc": {
          "start": {
            "line": 35,
            "column": 6
          },
          "end": {
            "line": 36,
            "column": 15
          }
        },
        "type": "if",
        "locations": [
          {
            "start": {
              "line": 35,
              "column": 6
            },
            "end": {
              "line": 36,
              "column": 15
            }
          },
          {
            "start": {},
            "end": {}
          }
        ],
        "line": 35
      },
      "4": {
        "loc": {
          "start": {
            "line": 38,
            "column": 6
          },
          "end": {
            "line": 39,
            "column": 54
          }
        },
        "type": "if",
        "locations": [
          {
            "start": {
              "line": 38,
              "column": 6
            },
            "end": {
              "line": 39,
              "column": 54
            }
          },
          {
            "start": {},
            "end": {}
          }
        ],
        "line": 38
      }
    },
    "s": {
      "0": 20,
      "1": 20,
      "2": 0,
      "3": 20,
      "4": 20,
      "5": 20,
      "6": 20,
      "7": 20,
      "8": 20,
      "9": 4,
      "10": 20,
      "11": 20,
      "12": 20,
      "13": 20,
      "14": 20,
      "15": 20,
      "16": 18,
      "17": 18,
      "18": 0,
      "19": 0,
      "20": 0,
      "21": 0,
      "22": 0
    },
    "f": {
      "0": 20,
      "1": 4,
      "2": 18,
      "3": 0
    },
    "b": {
      "0": [
        20,
        0
      ],
      "1": [
        0,
        20
      ],
      "2": [
        20,
        0
      ],
      "3": [
        0,
        0
      ],
      "4": [
        0,
        0
      ]
    },
    "inputSourceMap": {
      "version": 3,
      "mappings": "AACS;AADT,OAAO,oBAAkB;AAAM;AAAA;AAAA;AAAA;AAAA;AAAA;AAAA;AAAA;AAAA;AAAA;AAAA;AAAA;AAAA;AAAA;AAC7B,SAAO,uBAAC,QAAG,WAAU,kBAAiB,0BAA/B;AAAA;AAAA;AAAA;AAAA,SAAyC;AAClD;AAAEA,KAFWC;AAAS;AAAAC",
      "names": [
        "_c",
        "ErrorPage",
        "$RefreshReg$"
      ],
      "sources": [
        "F:/RS_School/react/src/pages/error/errorPage.tsx"
      ],
      "file": "F:/RS_School/react/src/pages/error/errorPage.tsx"
    },
    "_coverageSchema": "1a1c01bbd47fc00a2c39e90264f33305004495a9",
    "hash": "ac8e39acc2a84b8205bdac578031f7307bdf332a"
  },
  "F:/RS_School/react/src/components/footer/footer.tsx": {
    "path": "F:/RS_School/react/src/components/footer/footer.tsx",
    "statementMap": {
      "0": {
        "start": {
          "line": 5,
          "column": 0
        },
        "end": {
          "line": 15,
          "column": 1
        }
      },
      "1": {
        "start": {
          "line": 6,
          "column": 2
        },
        "end": {
          "line": 8,
          "column": 3
        }
      },
      "2": {
        "start": {
          "line": 7,
          "column": 4
        },
        "end": {
          "line": 7,
          "column": 165
        }
      },
      "3": {
        "start": {
          "line": 9,
          "column": 2
        },
        "end": {
          "line": 9,
          "column": 39
        }
      },
      "4": {
        "start": {
          "line": 10,
          "column": 2
        },
        "end": {
          "line": 10,
          "column": 39
        }
      },
      "5": {
        "start": {
          "line": 11,
          "column": 2
        },
        "end": {
          "line": 13,
          "column": 4
        }
      },
      "6": {
        "start": {
          "line": 12,
          "column": 4
        },
        "end": {
          "line": 12,
          "column": 95
        }
      },
      "7": {
        "start": {
          "line": 14,
          "column": 2
        },
        "end": {
          "line": 14,
          "column": 75
        }
      },
      "8": {
        "start": {
          "line": 18,
          "column": 22
        },
        "end": {
          "line": 63,
          "column": 1
        }
      },
      "9": {
        "start": {
          "line": 19,
          "column": 2
        },
        "end": {
          "line": 62,
          "column": 11
        }
      },
      "10": {
        "start": {
          "line": 64,
          "column": 0
        },
        "end": {
          "line": 64,
          "column": 12
        }
      },
      "11": {
        "start": {
          "line": 66,
          "column": 0
        },
        "end": {
          "line": 66,
          "column": 27
        }
      },
      "12": {
        "start": {
          "line": 67,
          "column": 0
        },
        "end": {
          "line": 83,
          "column": 1
        }
      },
      "13": {
        "start": {
          "line": 68,
          "column": 2
        },
        "end": {
          "line": 68,
          "column": 39
        }
      },
      "14": {
        "start": {
          "line": 69,
          "column": 2
        },
        "end": {
          "line": 69,
          "column": 39
        }
      },
      "15": {
        "start": {
          "line": 70,
          "column": 2
        },
        "end": {
          "line": 82,
          "column": 5
        }
      },
      "16": {
        "start": {
          "line": 74,
          "column": 4
        },
        "end": {
          "line": 74,
          "column": 121
        }
      },
      "17": {
        "start": {
          "line": 75,
          "column": 4
        },
        "end": {
          "line": 81,
          "column": 7
        }
      },
      "18": {
        "start": {
          "line": 76,
          "column": 6
        },
        "end": {
          "line": 77,
          "column": 15
        }
      },
      "19": {
        "start": {
          "line": 77,
          "column": 8
        },
        "end": {
          "line": 77,
          "column": 15
        }
      },
      "20": {
        "start": {
          "line": 78,
          "column": 32
        },
        "end": {
          "line": 78,
          "column": 115
        }
      },
      "21": {
        "start": {
          "line": 79,
          "column": 6
        },
        "end": {
          "line": 80,
          "column": 54
        }
      },
      "22": {
        "start": {
          "line": 80,
          "column": 8
        },
        "end": {
          "line": 80,
          "column": 54
        }
      }
    },
    "fnMap": {
      "0": {
        "name": "(anonymous_0)",
        "decl": {
          "start": {
            "line": 11,
            "column": 24
          },
          "end": {
            "line": 11,
            "column": 25
          }
        },
        "loc": {
          "start": {
            "line": 11,
            "column": 38
          },
          "end": {
            "line": 13,
            "column": 3
          }
        },
        "line": 11
      },
      "1": {
        "name": "(anonymous_1)",
        "decl": {
          "start": {
            "line": 18,
            "column": 22
          },
          "end": {
            "line": 18,
            "column": 23
          }
        },
        "loc": {
          "start": {
            "line": 18,
            "column": 28
          },
          "end": {
            "line": 63,
            "column": 1
          }
        },
        "line": 18
      },
      "2": {
        "name": "(anonymous_2)",
        "decl": {
          "start": {
            "line": 73,
            "column": 9
          },
          "end": {
            "line": 73,
            "column": 10
          }
        },
        "loc": {
          "start": {
            "line": 73,
            "column": 29
          },
          "end": {
            "line": 82,
            "column": 3
          }
        },
        "line": 73
      },
      "3": {
        "name": "(anonymous_3)",
        "decl": {
          "start": {
            "line": 75,
            "column": 27
          },
          "end": {
            "line": 75,
            "column": 28
          }
        },
        "loc": {
          "start": {
            "line": 75,
            "column": 44
          },
          "end": {
            "line": 81,
            "column": 5
          }
        },
        "line": 75
      }
    },
    "branchMap": {
      "0": {
        "loc": {
          "start": {
            "line": 5,
            "column": 0
          },
          "end": {
            "line": 15,
            "column": 1
          }
        },
        "type": "if",
        "locations": [
          {
            "start": {
              "line": 5,
              "column": 0
            },
            "end": {
              "line": 15,
              "column": 1
            }
          },
          {
            "start": {},
            "end": {}
          }
        ],
        "line": 5
      },
      "1": {
        "loc": {
          "start": {
            "line": 6,
            "column": 2
          },
          "end": {
            "line": 8,
            "column": 3
          }
        },
        "type": "if",
        "locations": [
          {
            "start": {
              "line": 6,
              "column": 2
            },
            "end": {
              "line": 8,
              "column": 3
            }
          },
          {
            "start": {},
            "end": {}
          }
        ],
        "line": 6
      },
      "2": {
        "loc": {
          "start": {
            "line": 67,
            "column": 0
          },
          "end": {
            "line": 83,
            "column": 1
          }
        },
        "type": "if",
        "locations": [
          {
            "start": {
              "line": 67,
              "column": 0
            },
            "end": {
              "line": 83,
              "column": 1
            }
          },
          {
            "start": {},
            "end": {}
          }
        ],
        "line": 67
      },
      "3": {
        "loc": {
          "start": {
            "line": 76,
            "column": 6
          },
          "end": {
            "line": 77,
            "column": 15
          }
        },
        "type": "if",
        "locations": [
          {
            "start": {
              "line": 76,
              "column": 6
            },
            "end": {
              "line": 77,
              "column": 15
            }
          },
          {
            "start": {},
            "end": {}
          }
        ],
        "line": 76
      },
      "4": {
        "loc": {
          "start": {
            "line": 79,
            "column": 6
          },
          "end": {
            "line": 80,
            "column": 54
          }
        },
        "type": "if",
        "locations": [
          {
            "start": {
              "line": 79,
              "column": 6
            },
            "end": {
              "line": 80,
              "column": 54
            }
          },
          {
            "start": {},
            "end": {}
          }
        ],
        "line": 79
      }
    },
    "s": {
      "0": 20,
      "1": 20,
      "2": 0,
      "3": 20,
      "4": 20,
      "5": 20,
      "6": 20,
      "7": 20,
      "8": 20,
      "9": 40,
      "10": 20,
      "11": 20,
      "12": 20,
      "13": 20,
      "14": 20,
      "15": 20,
      "16": 18,
      "17": 18,
      "18": 0,
      "19": 0,
      "20": 0,
      "21": 0,
      "22": 0
    },
    "f": {
      "0": 20,
      "1": 40,
      "2": 18,
      "3": 0
    },
    "b": {
      "0": [
        20,
        0
      ],
      "1": [
        0,
        20
      ],
      "2": [
        20,
        0
      ],
      "3": [
        0,
        0
      ],
      "4": [
        0,
        0
      ]
    },
    "inputSourceMap": {
      "version": 3,
      "mappings": "AAaU;AAbV,OAAOA,oBAAa;AAAA;AAA+B;AAAA;AAAA;AAAA;AAAA;AAAA;AAAA;AAAA;AAAA;AAAA;AAAA;AAAA;AAAA;AACnD,OAAO;AAEA,aAAMC,SAASA,MAAM;AAC1B,SACE,uBAAC,YAAO,WAAU,mCAAkC,OAAO;AAAA,IAAEC,WAAW;AAAA,EAAO,GAC7E,iCAAC,SAAI,WAAU,aACb;AAAA,2BAAC,OACC,WAAU,2CACV,MAAK,sBACL,MAAK,UACL,yBAAsB,QAEtB,iCAAC,SAAI,KAAKF,SAAS,WAAU,WAAU,KAAI,oBAA3C;AAAA;AAAA;AAAA;AAAA,WAA2D,KAN7D;AAAA;AAAA;AAAA;AAAA,WAOA;AAAA,IACA,uBAAC,OACC,WAAU,2CACV,MAAK,gDACL,MAAK,UACL,yBAAsB,QAEtB,iCAAC,OAAE,WAAU,oBAAb;AAAA;AAAA;AAAA;AAAA,WAA8B,KANhC;AAAA;AAAA;AAAA;AAAA,WAOA;AAAA,IACA,uBAAC,OACC,WAAU,2CACV,MAAK,gCACL,MAAK,UACL,yBAAsB,QAEtB,iCAAC,OAAE,WAAU,mBAAb;AAAA;AAAA;AAAA;AAAA,WAA6B,KAN/B;AAAA;AAAA;AAAA;AAAA,WAOA;AAAA,IACA,uBAAC,UAAK,WAAU,IAAG,sBAAnB;AAAA;AAAA;AAAA;AAAA,WAAyB;AAAA,OAzB3B;AAAA;AAAA;AAAA;AAAA,SA0BA,KA3BF;AAAA;AAAA;AAAA;AAAA,SA4BA;AAEJ;AAAEG,KAhCWF;AAAM;AAAAG",
      "names": [
        "rssLogo",
        "Footer",
        "marginTop",
        "_c",
        "$RefreshReg$"
      ],
      "sources": [
        "F:/RS_School/react/src/components/footer/footer.tsx"
      ],
      "file": "F:/RS_School/react/src/components/footer/footer.tsx"
    },
    "_coverageSchema": "1a1c01bbd47fc00a2c39e90264f33305004495a9",
    "hash": "49a964be07d0aa11838ed3eb4a7dd0c77e4f3635"
  },
  "F:/RS_School/react/src/components/header/header.tsx": {
    "path": "F:/RS_School/react/src/components/header/header.tsx",
    "statementMap": {
      "0": {
        "start": {
          "line": 5,
          "column": 0
        },
        "end": {
          "line": 15,
          "column": 1
        }
      },
      "1": {
        "start": {
          "line": 6,
          "column": 2
        },
        "end": {
          "line": 8,
          "column": 3
        }
      },
      "2": {
        "start": {
          "line": 7,
          "column": 4
        },
        "end": {
          "line": 7,
          "column": 165
        }
      },
      "3": {
        "start": {
          "line": 9,
          "column": 2
        },
        "end": {
          "line": 9,
          "column": 39
        }
      },
      "4": {
        "start": {
          "line": 10,
          "column": 2
        },
        "end": {
          "line": 10,
          "column": 39
        }
      },
      "5": {
        "start": {
          "line": 11,
          "column": 2
        },
        "end": {
          "line": 13,
          "column": 4
        }
      },
      "6": {
        "start": {
          "line": 12,
          "column": 4
        },
        "end": {
          "line": 12,
          "column": 95
        }
      },
      "7": {
        "start": {
          "line": 14,
          "column": 2
        },
        "end": {
          "line": 14,
          "column": 75
        }
      },
      "8": {
        "start": {
          "line": 16,
          "column": 9
        },
        "end": {
          "line": 16,
          "column": 23
        }
      },
      "9": {
        "start": {
          "line": 19,
          "column": 14
        },
        "end": {
          "line": 23,
          "column": 1
        }
      },
      "10": {
        "start": {
          "line": 24,
          "column": 22
        },
        "end": {
          "line": 70,
          "column": 1
        }
      },
      "11": {
        "start": {
          "line": 25,
          "column": 2
        },
        "end": {
          "line": 25,
          "column": 7
        }
      },
      "12": {
        "start": {
          "line": 28,
          "column": 6
        },
        "end": {
          "line": 28,
          "column": 19
        }
      },
      "13": {
        "start": {
          "line": 29,
          "column": 28
        },
        "end": {
          "line": 29,
          "column": 53
        }
      },
      "14": {
        "start": {
          "line": 30,
          "column": 2
        },
        "end": {
          "line": 36,
          "column": 17
        }
      },
      "15": {
        "start": {
          "line": 31,
          "column": 19
        },
        "end": {
          "line": 31,
          "column": 34
        }
      },
      "16": {
        "start": {
          "line": 32,
          "column": 4
        },
        "end": {
          "line": 35,
          "column": 29
        }
      },
      "17": {
        "start": {
          "line": 33,
          "column": 6
        },
        "end": {
          "line": 33,
          "column": 23
        }
      },
      "18": {
        "start": {
          "line": 35,
          "column": 6
        },
        "end": {
          "line": 35,
          "column": 29
        }
      },
      "19": {
        "start": {
          "line": 37,
          "column": 2
        },
        "end": {
          "line": 69,
          "column": 11
        }
      },
      "20": {
        "start": {
          "line": 71,
          "column": 0
        },
        "end": {
          "line": 73,
          "column": 3
        }
      },
      "21": {
        "start": {
          "line": 72,
          "column": 2
        },
        "end": {
          "line": 72,
          "column": 23
        }
      },
      "22": {
        "start": {
          "line": 74,
          "column": 0
        },
        "end": {
          "line": 74,
          "column": 12
        }
      },
      "23": {
        "start": {
          "line": 75,
          "column": 26
        },
        "end": {
          "line": 91,
          "column": 1
        }
      },
      "24": {
        "start": {
          "line": 78,
          "column": 2
        },
        "end": {
          "line": 90,
          "column": 11
        }
      },
      "25": {
        "start": {
          "line": 78,
          "column": 101
        },
        "end": {
          "line": 86,
          "column": 10
        }
      },
      "26": {
        "start": {
          "line": 92,
          "column": 0
        },
        "end": {
          "line": 92,
          "column": 17
        }
      },
      "27": {
        "start": {
          "line": 94,
          "column": 0
        },
        "end": {
          "line": 94,
          "column": 27
        }
      },
      "28": {
        "start": {
          "line": 95,
          "column": 0
        },
        "end": {
          "line": 95,
          "column": 32
        }
      },
      "29": {
        "start": {
          "line": 96,
          "column": 0
        },
        "end": {
          "line": 112,
          "column": 1
        }
      },
      "30": {
        "start": {
          "line": 97,
          "column": 2
        },
        "end": {
          "line": 97,
          "column": 39
        }
      },
      "31": {
        "start": {
          "line": 98,
          "column": 2
        },
        "end": {
          "line": 98,
          "column": 39
        }
      },
      "32": {
        "start": {
          "line": 99,
          "column": 2
        },
        "end": {
          "line": 111,
          "column": 5
        }
      },
      "33": {
        "start": {
          "line": 103,
          "column": 4
        },
        "end": {
          "line": 103,
          "column": 121
        }
      },
      "34": {
        "start": {
          "line": 104,
          "column": 4
        },
        "end": {
          "line": 110,
          "column": 7
        }
      },
      "35": {
        "start": {
          "line": 105,
          "column": 6
        },
        "end": {
          "line": 106,
          "column": 15
        }
      },
      "36": {
        "start": {
          "line": 106,
          "column": 8
        },
        "end": {
          "line": 106,
          "column": 15
        }
      },
      "37": {
        "start": {
          "line": 107,
          "column": 32
        },
        "end": {
          "line": 107,
          "column": 115
        }
      },
      "38": {
        "start": {
          "line": 108,
          "column": 6
        },
        "end": {
          "line": 109,
          "column": 54
        }
      },
      "39": {
        "start": {
          "line": 109,
          "column": 8
        },
        "end": {
          "line": 109,
          "column": 54
        }
      }
    },
    "fnMap": {
      "0": {
        "name": "(anonymous_0)",
        "decl": {
          "start": {
            "line": 11,
            "column": 24
          },
          "end": {
            "line": 11,
            "column": 25
          }
        },
        "loc": {
          "start": {
            "line": 11,
            "column": 38
          },
          "end": {
            "line": 13,
            "column": 3
          }
        },
        "line": 11
      },
      "1": {
        "name": "(anonymous_1)",
        "decl": {
          "start": {
            "line": 24,
            "column": 22
          },
          "end": {
            "line": 24,
            "column": 23
          }
        },
        "loc": {
          "start": {
            "line": 24,
            "column": 28
          },
          "end": {
            "line": 70,
            "column": 1
          }
        },
        "line": 24
      },
      "2": {
        "name": "(anonymous_2)",
        "decl": {
          "start": {
            "line": 30,
            "column": 12
          },
          "end": {
            "line": 30,
            "column": 13
          }
        },
        "loc": {
          "start": {
            "line": 30,
            "column": 18
          },
          "end": {
            "line": 36,
            "column": 3
          }
        },
        "line": 30
      },
      "3": {
        "name": "(anonymous_3)",
        "decl": {
          "start": {
            "line": 71,
            "column": 50
          },
          "end": {
            "line": 71,
            "column": 51
          }
        },
        "loc": {
          "start": {
            "line": 71,
            "column": 61
          },
          "end": {
            "line": 73,
            "column": 1
          }
        },
        "line": 71
      },
      "4": {
        "name": "(anonymous_4)",
        "decl": {
          "start": {
            "line": 75,
            "column": 26
          },
          "end": {
            "line": 75,
            "column": 27
          }
        },
        "loc": {
          "start": {
            "line": 77,
            "column": 6
          },
          "end": {
            "line": 91,
            "column": 1
          }
        },
        "line": 77
      },
      "5": {
        "name": "(anonymous_5)",
        "decl": {
          "start": {
            "line": 78,
            "column": 76
          },
          "end": {
            "line": 78,
            "column": 77
          }
        },
        "loc": {
          "start": {
            "line": 78,
            "column": 101
          },
          "end": {
            "line": 86,
            "column": 10
          }
        },
        "line": 78
      },
      "6": {
        "name": "(anonymous_6)",
        "decl": {
          "start": {
            "line": 102,
            "column": 9
          },
          "end": {
            "line": 102,
            "column": 10
          }
        },
        "loc": {
          "start": {
            "line": 102,
            "column": 29
          },
          "end": {
            "line": 111,
            "column": 3
          }
        },
        "line": 102
      },
      "7": {
        "name": "(anonymous_7)",
        "decl": {
          "start": {
            "line": 104,
            "column": 27
          },
          "end": {
            "line": 104,
            "column": 28
          }
        },
        "loc": {
          "start": {
            "line": 104,
            "column": 44
          },
          "end": {
            "line": 110,
            "column": 5
          }
        },
        "line": 104
      }
    },
    "branchMap": {
      "0": {
        "loc": {
          "start": {
            "line": 5,
            "column": 0
          },
          "end": {
            "line": 15,
            "column": 1
          }
        },
        "type": "if",
        "locations": [
          {
            "start": {
              "line": 5,
              "column": 0
            },
            "end": {
              "line": 15,
              "column": 1
            }
          },
          {
            "start": {},
            "end": {}
          }
        ],
        "line": 5
      },
      "1": {
        "loc": {
          "start": {
            "line": 6,
            "column": 2
          },
          "end": {
            "line": 8,
            "column": 3
          }
        },
        "type": "if",
        "locations": [
          {
            "start": {
              "line": 6,
              "column": 2
            },
            "end": {
              "line": 8,
              "column": 3
            }
          },
          {
            "start": {},
            "end": {}
          }
        ],
        "line": 6
      },
      "2": {
        "loc": {
          "start": {
            "line": 32,
            "column": 4
          },
          "end": {
            "line": 35,
            "column": 29
          }
        },
        "type": "if",
        "locations": [
          {
            "start": {
              "line": 32,
              "column": 4
            },
            "end": {
              "line": 35,
              "column": 29
            }
          },
          {
            "start": {
              "line": 35,
              "column": 6
            },
            "end": {
              "line": 35,
              "column": 29
            }
          }
        ],
        "line": 32
      },
      "3": {
        "loc": {
          "start": {
            "line": 96,
            "column": 0
          },
          "end": {
            "line": 112,
            "column": 1
          }
        },
        "type": "if",
        "locations": [
          {
            "start": {
              "line": 96,
              "column": 0
            },
            "end": {
              "line": 112,
              "column": 1
            }
          },
          {
            "start": {},
            "end": {}
          }
        ],
        "line": 96
      },
      "4": {
        "loc": {
          "start": {
            "line": 105,
            "column": 6
          },
          "end": {
            "line": 106,
            "column": 15
          }
        },
        "type": "if",
        "locations": [
          {
            "start": {
              "line": 105,
              "column": 6
            },
            "end": {
              "line": 106,
              "column": 15
            }
          },
          {
            "start": {},
            "end": {}
          }
        ],
        "line": 105
      },
      "5": {
        "loc": {
          "start": {
            "line": 108,
            "column": 6
          },
          "end": {
            "line": 109,
            "column": 54
          }
        },
        "type": "if",
        "locations": [
          {
            "start": {
              "line": 108,
              "column": 6
            },
            "end": {
              "line": 109,
              "column": 54
            }
          },
          {
            "start": {},
            "end": {}
          }
        ],
        "line": 108
      }
    },
    "s": {
      "0": 20,
      "1": 20,
      "2": 0,
      "3": 20,
      "4": 20,
      "5": 20,
      "6": 40,
      "7": 20,
      "8": 20,
      "9": 20,
      "10": 20,
      "11": 72,
      "12": 72,
      "13": 72,
      "14": 72,
      "15": 46,
      "16": 46,
      "17": 40,
      "18": 6,
      "19": 72,
      "20": 20,
      "21": 20,
      "22": 20,
      "23": 20,
      "24": 68,
      "25": 204,
      "26": 20,
      "27": 20,
      "28": 20,
      "29": 20,
      "30": 20,
      "31": 20,
      "32": 20,
      "33": 20,
      "34": 20,
      "35": 0,
      "36": 0,
      "37": 0,
      "38": 0,
      "39": 0
    },
    "f": {
      "0": 40,
      "1": 72,
      "2": 46,
      "3": 20,
      "4": 68,
      "5": 204,
      "6": 20,
      "7": 0
    },
    "b": {
      "0": [
        20,
        0
      ],
      "1": [
        0,
        20
      ],
      "2": [
        40,
        6
      ],
      "3": [
        20,
        0
      ],
      "4": [
        0,
        0
      ],
      "5": [
        0,
        0
      ]
    },
    "inputSourceMap": {
      "version": 3,
      "mappings": "AA8BU,SAaN,UAbM;;;;;;;;;;;;;;;;AA9BV,SAASA,WAAWC,gBAAgB;AACpC,SAASC,SAASC,mBAAmB;AAQrC,MAAMC,QAAe;AAAA,EACnB,KAAK;AAAA,EACL,UAAU;AAAA,EACV,SAAS;AACX;AAEO,aAAMC,SAASA,MAAM;AAAAC;AAC1B,QAAM;AAAA,IAAEC;AAAAA,EAAS,IAAIJ,YAAW;AAChC,QAAM,CAACK,OAAOC,QAAQ,IAAIR,SAASG,MAAMG,QAAQ,CAAC;AAElDP,YAAU,MAAM;AACd,UAAMQ,SAAQJ,MAAMG,QAAQ;AAC5B,QAAIC,QAAO;AACTC,eAASD,MAAK;AAAA,IAChB;AAAOC,eAAS,YAAY;AAAA,EAC9B,GAAG,CAACF,QAAQ,CAAC;AAEb,SACE,uBAAC,YAAO,WAAU,8CAChB,iCAAC,SAAI,WAAU,+BACb;AAAA,2BAAC,OAAE,WAAU,6BAA4B,MAAK,MAC5C,iCAAC,OAAE,WAAU,wBAAb;AAAA;AAAA;AAAA;AAAA,WAAkC,KADpC;AAAA;AAAA;AAAA;AAAA,WAEA;AAAA,IACA,uBAAC,QAAG,WAAU,mCACZ,iCAAC,cAAW,MAAMH,SAAlB;AAAA;AAAA;AAAA;AAAA,WAAwB,KAD1B;AAAA;AAAA;AAAA;AAAA,WAEA;AAAA,IACA,uBAAC,QAAG,WAAU,kBAAkBI,mBAAhC;AAAA;AAAA;AAAA;AAAA,WAAsC;AAAA,OAPxC;AAAA;AAAA;AAAA;AAAA,SAQA,KATF;AAAA;AAAA;AAAA;AAAA,SAUA;AAEJ;AAAEF,GAxBWD,QAAM;AAAA,UACIF,WAAW;AAAA;AAAAO,KADrBL;AA0BN,aAAMM,aAAaA,CAAC;AAAA,EAAEC;AAAmB,MAAM;AACpD,SACE,mCACGC,iBAAOC,KAAKF,IAAI,EAAEG,IAAKC,SACtB,uBAAC,QAAG,WAAU,YACZ,iCAAC,WAAQ,IAAIA,KAAK,WAAU,YACzBZ,gBAAMY,GAAG,EAAEC,MAAM,GAAG,EAAE,CAAC,KAD1B;AAAA;AAAA;AAAA;AAAA,SAEA,KAH4BD,KAA9B;AAAA;AAAA;AAAA;AAAA,SAIA,CACD,KAPH;AAAA;AAAA;AAAA;AAAA,SAQA;AAEJ;AAAEE,MAZWP;AAAU;AAAAQ;AAAAA",
      "names": [
        "useEffect",
        "useState",
        "NavLink",
        "useLocation",
        "paths",
        "Header",
        "_s",
        "pathname",
        "title",
        "setTitle",
        "_c",
        "HeaderList",
        "data",
        "Object",
        "keys",
        "map",
        "key",
        "split",
        "_c2",
        "$RefreshReg$"
      ],
      "sources": [
        "F:/RS_School/react/src/components/header/header.tsx"
      ],
      "file": "F:/RS_School/react/src/components/header/header.tsx"
    },
    "_coverageSchema": "1a1c01bbd47fc00a2c39e90264f33305004495a9",
    "hash": "463d516ad1f0a7db0348ac9873b531dafeab7831"
  },
  "F:/RS_School/react/src/pages/main/main.tsx": {
    "path": "F:/RS_School/react/src/pages/main/main.tsx",
    "statementMap": {
      "0": {
        "start": {
          "line": 5,
          "column": 0
        },
        "end": {
          "line": 15,
          "column": 1
        }
      },
      "1": {
        "start": {
          "line": 6,
          "column": 2
        },
        "end": {
          "line": 8,
          "column": 3
        }
      },
      "2": {
        "start": {
          "line": 7,
          "column": 4
        },
        "end": {
          "line": 7,
          "column": 165
        }
      },
      "3": {
        "start": {
          "line": 9,
          "column": 2
        },
        "end": {
          "line": 9,
          "column": 39
        }
      },
      "4": {
        "start": {
          "line": 10,
          "column": 2
        },
        "end": {
          "line": 10,
          "column": 39
        }
      },
      "5": {
        "start": {
          "line": 11,
          "column": 2
        },
        "end": {
          "line": 13,
          "column": 4
        }
      },
      "6": {
        "start": {
          "line": 12,
          "column": 4
        },
        "end": {
          "line": 12,
          "column": 86
        }
      },
      "7": {
        "start": {
          "line": 14,
          "column": 2
        },
        "end": {
          "line": 14,
          "column": 75
        }
      },
      "8": {
        "start": {
          "line": 19,
          "column": 20
        },
        "end": {
          "line": 45,
          "column": 1
        }
      },
      "9": {
        "start": {
          "line": 20,
          "column": 2
        },
        "end": {
          "line": 44,
          "column": 11
        }
      },
      "10": {
        "start": {
          "line": 46,
          "column": 0
        },
        "end": {
          "line": 46,
          "column": 10
        }
      },
      "11": {
        "start": {
          "line": 48,
          "column": 0
        },
        "end": {
          "line": 48,
          "column": 25
        }
      },
      "12": {
        "start": {
          "line": 49,
          "column": 0
        },
        "end": {
          "line": 65,
          "column": 1
        }
      },
      "13": {
        "start": {
          "line": 50,
          "column": 2
        },
        "end": {
          "line": 50,
          "column": 39
        }
      },
      "14": {
        "start": {
          "line": 51,
          "column": 2
        },
        "end": {
          "line": 51,
          "column": 39
        }
      },
      "15": {
        "start": {
          "line": 52,
          "column": 2
        },
        "end": {
          "line": 64,
          "column": 5
        }
      },
      "16": {
        "start": {
          "line": 56,
          "column": 4
        },
        "end": {
          "line": 56,
          "column": 112
        }
      },
      "17": {
        "start": {
          "line": 57,
          "column": 4
        },
        "end": {
          "line": 63,
          "column": 7
        }
      },
      "18": {
        "start": {
          "line": 58,
          "column": 6
        },
        "end": {
          "line": 59,
          "column": 15
        }
      },
      "19": {
        "start": {
          "line": 59,
          "column": 8
        },
        "end": {
          "line": 59,
          "column": 15
        }
      },
      "20": {
        "start": {
          "line": 60,
          "column": 32
        },
        "end": {
          "line": 60,
          "column": 115
        }
      },
      "21": {
        "start": {
          "line": 61,
          "column": 6
        },
        "end": {
          "line": 62,
          "column": 54
        }
      },
      "22": {
        "start": {
          "line": 62,
          "column": 8
        },
        "end": {
          "line": 62,
          "column": 54
        }
      }
    },
    "fnMap": {
      "0": {
        "name": "(anonymous_0)",
        "decl": {
          "start": {
            "line": 11,
            "column": 24
          },
          "end": {
            "line": 11,
            "column": 25
          }
        },
        "loc": {
          "start": {
            "line": 11,
            "column": 38
          },
          "end": {
            "line": 13,
            "column": 3
          }
        },
        "line": 11
      },
      "1": {
        "name": "(anonymous_1)",
        "decl": {
          "start": {
            "line": 19,
            "column": 20
          },
          "end": {
            "line": 19,
            "column": 21
          }
        },
        "loc": {
          "start": {
            "line": 19,
            "column": 26
          },
          "end": {
            "line": 45,
            "column": 1
          }
        },
        "line": 19
      },
      "2": {
        "name": "(anonymous_2)",
        "decl": {
          "start": {
            "line": 55,
            "column": 9
          },
          "end": {
            "line": 55,
            "column": 10
          }
        },
        "loc": {
          "start": {
            "line": 55,
            "column": 29
          },
          "end": {
            "line": 64,
            "column": 3
          }
        },
        "line": 55
      },
      "3": {
        "name": "(anonymous_3)",
        "decl": {
          "start": {
            "line": 57,
            "column": 27
          },
          "end": {
            "line": 57,
            "column": 28
          }
        },
        "loc": {
          "start": {
            "line": 57,
            "column": 44
          },
          "end": {
            "line": 63,
            "column": 5
          }
        },
        "line": 57
      }
    },
    "branchMap": {
      "0": {
        "loc": {
          "start": {
            "line": 5,
            "column": 0
          },
          "end": {
            "line": 15,
            "column": 1
          }
        },
        "type": "if",
        "locations": [
          {
            "start": {
              "line": 5,
              "column": 0
            },
            "end": {
              "line": 15,
              "column": 1
            }
          },
          {
            "start": {},
            "end": {}
          }
        ],
        "line": 5
      },
      "1": {
        "loc": {
          "start": {
            "line": 6,
            "column": 2
          },
          "end": {
            "line": 8,
            "column": 3
          }
        },
        "type": "if",
        "locations": [
          {
            "start": {
              "line": 6,
              "column": 2
            },
            "end": {
              "line": 8,
              "column": 3
            }
          },
          {
            "start": {},
            "end": {}
          }
        ],
        "line": 6
      },
      "2": {
        "loc": {
          "start": {
            "line": 49,
            "column": 0
          },
          "end": {
            "line": 65,
            "column": 1
          }
        },
        "type": "if",
        "locations": [
          {
            "start": {
              "line": 49,
              "column": 0
            },
            "end": {
              "line": 65,
              "column": 1
            }
          },
          {
            "start": {},
            "end": {}
          }
        ],
        "line": 49
      },
      "3": {
        "loc": {
          "start": {
            "line": 58,
            "column": 6
          },
          "end": {
            "line": 59,
            "column": 15
          }
        },
        "type": "if",
        "locations": [
          {
            "start": {
              "line": 58,
              "column": 6
            },
            "end": {
              "line": 59,
              "column": 15
            }
          },
          {
            "start": {},
            "end": {}
          }
        ],
        "line": 58
      },
      "4": {
        "loc": {
          "start": {
            "line": 61,
            "column": 6
          },
          "end": {
            "line": 62,
            "column": 54
          }
        },
        "type": "if",
        "locations": [
          {
            "start": {
              "line": 61,
              "column": 6
            },
            "end": {
              "line": 62,
              "column": 54
            }
          },
          {
            "start": {},
            "end": {}
          }
        ],
        "line": 61
      }
    },
    "s": {
      "0": 20,
      "1": 20,
      "2": 0,
      "3": 20,
      "4": 20,
      "5": 20,
      "6": 20,
      "7": 20,
      "8": 20,
      "9": 40,
      "10": 20,
      "11": 20,
      "12": 20,
      "13": 20,
      "14": 20,
      "15": 20,
      "16": 20,
      "17": 20,
      "18": 0,
      "19": 0,
      "20": 0,
      "21": 0,
      "22": 0
    },
    "f": {
      "0": 20,
      "1": 40,
      "2": 20,
      "3": 0
    },
    "b": {
      "0": [
        20,
        0
      ],
      "1": [
        0,
        20
      ],
      "2": [
        20,
        0
      ],
      "3": [
        0,
        0
      ],
      "4": [
        0,
        0
      ]
    },
    "inputSourceMap": {
      "version": 3,
      "mappings": "AAMI,mBACE,cADF;AANJ,2BAAuB;AAAA;AAAgC;AAAA;AAAA;AAAA;AAAA;AAAA;AAAA;AAAA;AAAA;AAAA;AAAA;AAAA;AAAA;AACvD,SAASA,cAAc;AACvB,SAASC,cAAc;AAEhB,aAAMC,OAAOA,MAAM;AACxB,SACE,mCACE;AAAA,2BAAC,YAAD;AAAA;AAAA;AAAA;AAAA,WAAO;AAAA,IACP,uBAAC,UAAK,WAAU,aACd,iCAAC,YAAD;AAAA;AAAA;AAAA;AAAA,WAAO,KADT;AAAA;AAAA;AAAA;AAAA,WAEA;AAAA,IACA,uBAAC,YAAD;AAAA;AAAA;AAAA;AAAA,WAAO;AAAA,OALT;AAAA;AAAA;AAAA;AAAA,SAMA;AAEJ;AAAEC,KAVWD;AAAI;AAAAE",
      "names": [
        "Header",
        "Outlet",
        "Main",
        "_c",
        "$RefreshReg$"
      ],
      "sources": [
        "F:/RS_School/react/src/pages/main/main.tsx"
      ],
      "file": "F:/RS_School/react/src/pages/main/main.tsx"
    },
    "_coverageSchema": "1a1c01bbd47fc00a2c39e90264f33305004495a9",
    "hash": "42129630699ac72f91536e8386a0ea81ceb14afe"
  },
  "F:/RS_School/react/src/store/hooks.ts": {
    "path": "F:/RS_School/react/src/store/hooks.ts",
    "statementMap": {
      "0": {
        "start": {
          "line": 2,
          "column": 30
        },
        "end": {
          "line": 2,
          "column": 49
        }
      },
      "1": {
        "start": {
          "line": 2,
          "column": 36
        },
        "end": {
          "line": 2,
          "column": 49
        }
      },
      "2": {
        "start": {
          "line": 3,
          "column": 30
        },
        "end": {
          "line": 3,
          "column": 41
        }
      }
    },
    "fnMap": {
      "0": {
        "name": "(anonymous_0)",
        "decl": {
          "start": {
            "line": 2,
            "column": 30
          },
          "end": {
            "line": 2,
            "column": 31
          }
        },
        "loc": {
          "start": {
            "line": 2,
            "column": 36
          },
          "end": {
            "line": 2,
            "column": 49
          }
        },
        "line": 2
      }
    },
    "branchMap": {},
    "s": {
      "0": 20,
      "1": 186,
      "2": 20
    },
    "f": {
      "0": 186
    },
    "b": {},
    "inputSourceMap": {
      "version": 3,
      "sources": [
        "F:/RS_School/react/src/store/hooks.ts"
      ],
      "mappings": "AAAA,SAA+B,aAAa,mBAAmB;AAGxD,aAAM,iBAAiB,MAAM,YAAyB;AACtD,aAAM,iBAAkD;",
      "names": []
    },
    "_coverageSchema": "1a1c01bbd47fc00a2c39e90264f33305004495a9",
    "hash": "fb40a837a4ecb00158478243f9402351616808d8"
  },
  "F:/RS_School/react/src/components/form/checkboxinput/checkboxinput.tsx": {
    "path": "F:/RS_School/react/src/components/form/checkboxinput/checkboxinput.tsx",
    "statementMap": {
      "0": {
        "start": {
          "line": 5,
          "column": 0
        },
        "end": {
          "line": 15,
          "column": 1
        }
      },
      "1": {
        "start": {
          "line": 6,
          "column": 2
        },
        "end": {
          "line": 8,
          "column": 3
        }
      },
      "2": {
        "start": {
          "line": 7,
          "column": 4
        },
        "end": {
          "line": 7,
          "column": 165
        }
      },
      "3": {
        "start": {
          "line": 9,
          "column": 2
        },
        "end": {
          "line": 9,
          "column": 39
        }
      },
      "4": {
        "start": {
          "line": 10,
          "column": 2
        },
        "end": {
          "line": 10,
          "column": 39
        }
      },
      "5": {
        "start": {
          "line": 11,
          "column": 2
        },
        "end": {
          "line": 13,
          "column": 4
        }
      },
      "6": {
        "start": {
          "line": 12,
          "column": 4
        },
        "end": {
          "line": 12,
          "column": 114
        }
      },
      "7": {
        "start": {
          "line": 14,
          "column": 2
        },
        "end": {
          "line": 14,
          "column": 75
        }
      },
      "8": {
        "start": {
          "line": 16,
          "column": 29
        },
        "end": {
          "line": 96,
          "column": 1
        }
      },
      "9": {
        "start": {
          "line": 20,
          "column": 2
        },
        "end": {
          "line": 95,
          "column": 11
        }
      },
      "10": {
        "start": {
          "line": 97,
          "column": 0
        },
        "end": {
          "line": 97,
          "column": 19
        }
      },
      "11": {
        "start": {
          "line": 99,
          "column": 0
        },
        "end": {
          "line": 99,
          "column": 34
        }
      },
      "12": {
        "start": {
          "line": 100,
          "column": 0
        },
        "end": {
          "line": 116,
          "column": 1
        }
      },
      "13": {
        "start": {
          "line": 101,
          "column": 2
        },
        "end": {
          "line": 101,
          "column": 39
        }
      },
      "14": {
        "start": {
          "line": 102,
          "column": 2
        },
        "end": {
          "line": 102,
          "column": 39
        }
      },
      "15": {
        "start": {
          "line": 103,
          "column": 2
        },
        "end": {
          "line": 115,
          "column": 5
        }
      },
      "16": {
        "start": {
          "line": 107,
          "column": 4
        },
        "end": {
          "line": 107,
          "column": 140
        }
      },
      "17": {
        "start": {
          "line": 108,
          "column": 4
        },
        "end": {
          "line": 114,
          "column": 7
        }
      },
      "18": {
        "start": {
          "line": 109,
          "column": 6
        },
        "end": {
          "line": 110,
          "column": 15
        }
      },
      "19": {
        "start": {
          "line": 110,
          "column": 8
        },
        "end": {
          "line": 110,
          "column": 15
        }
      },
      "20": {
        "start": {
          "line": 111,
          "column": 32
        },
        "end": {
          "line": 111,
          "column": 115
        }
      },
      "21": {
        "start": {
          "line": 112,
          "column": 6
        },
        "end": {
          "line": 113,
          "column": 54
        }
      },
      "22": {
        "start": {
          "line": 113,
          "column": 8
        },
        "end": {
          "line": 113,
          "column": 54
        }
      }
    },
    "fnMap": {
      "0": {
        "name": "(anonymous_0)",
        "decl": {
          "start": {
            "line": 11,
            "column": 24
          },
          "end": {
            "line": 11,
            "column": 25
          }
        },
        "loc": {
          "start": {
            "line": 11,
            "column": 38
          },
          "end": {
            "line": 13,
            "column": 3
          }
        },
        "line": 11
      },
      "1": {
        "name": "(anonymous_1)",
        "decl": {
          "start": {
            "line": 16,
            "column": 29
          },
          "end": {
            "line": 16,
            "column": 30
          }
        },
        "loc": {
          "start": {
            "line": 19,
            "column": 6
          },
          "end": {
            "line": 96,
            "column": 1
          }
        },
        "line": 19
      },
      "2": {
        "name": "(anonymous_2)",
        "decl": {
          "start": {
            "line": 106,
            "column": 9
          },
          "end": {
            "line": 106,
            "column": 10
          }
        },
        "loc": {
          "start": {
            "line": 106,
            "column": 29
          },
          "end": {
            "line": 115,
            "column": 3
          }
        },
        "line": 106
      },
      "3": {
        "name": "(anonymous_3)",
        "decl": {
          "start": {
            "line": 108,
            "column": 27
          },
          "end": {
            "line": 108,
            "column": 28
          }
        },
        "loc": {
          "start": {
            "line": 108,
            "column": 44
          },
          "end": {
            "line": 114,
            "column": 5
          }
        },
        "line": 108
      }
    },
    "branchMap": {
      "0": {
        "loc": {
          "start": {
            "line": 5,
            "column": 0
          },
          "end": {
            "line": 15,
            "column": 1
          }
        },
        "type": "if",
        "locations": [
          {
            "start": {
              "line": 5,
              "column": 0
            },
            "end": {
              "line": 15,
              "column": 1
            }
          },
          {
            "start": {},
            "end": {}
          }
        ],
        "line": 5
      },
      "1": {
        "loc": {
          "start": {
            "line": 6,
            "column": 2
          },
          "end": {
            "line": 8,
            "column": 3
          }
        },
        "type": "if",
        "locations": [
          {
            "start": {
              "line": 6,
              "column": 2
            },
            "end": {
              "line": 8,
              "column": 3
            }
          },
          {
            "start": {},
            "end": {}
          }
        ],
        "line": 6
      },
      "2": {
        "loc": {
          "start": {
            "line": 30,
            "column": 44
          },
          "end": {
            "line": 30,
            "column": 79
          }
        },
        "type": "cond-expr",
        "locations": [
          {
            "start": {
              "line": 30,
              "column": 62
            },
            "end": {
              "line": 30,
              "column": 74
            }
          },
          {
            "start": {
              "line": 30,
              "column": 77
            },
            "end": {
              "line": 30,
              "column": 79
            }
          }
        ],
        "line": 30
      },
      "3": {
        "loc": {
          "start": {
            "line": 53,
            "column": 44
          },
          "end": {
            "line": 53,
            "column": 79
          }
        },
        "type": "cond-expr",
        "locations": [
          {
            "start": {
              "line": 53,
              "column": 62
            },
            "end": {
              "line": 53,
              "column": 74
            }
          },
          {
            "start": {
              "line": 53,
              "column": 77
            },
            "end": {
              "line": 53,
              "column": 79
            }
          }
        ],
        "line": 53
      },
      "4": {
        "loc": {
          "start": {
            "line": 71,
            "column": 44
          },
          "end": {
            "line": 71,
            "column": 79
          }
        },
        "type": "cond-expr",
        "locations": [
          {
            "start": {
              "line": 71,
              "column": 62
            },
            "end": {
              "line": 71,
              "column": 74
            }
          },
          {
            "start": {
              "line": 71,
              "column": 77
            },
            "end": {
              "line": 71,
              "column": 79
            }
          }
        ],
        "line": 71
      },
      "5": {
        "loc": {
          "start": {
            "line": 100,
            "column": 0
          },
          "end": {
            "line": 116,
            "column": 1
          }
        },
        "type": "if",
        "locations": [
          {
            "start": {
              "line": 100,
              "column": 0
            },
            "end": {
              "line": 116,
              "column": 1
            }
          },
          {
            "start": {},
            "end": {}
          }
        ],
        "line": 100
      },
      "6": {
        "loc": {
          "start": {
            "line": 109,
            "column": 6
          },
          "end": {
            "line": 110,
            "column": 15
          }
        },
        "type": "if",
        "locations": [
          {
            "start": {
              "line": 109,
              "column": 6
            },
            "end": {
              "line": 110,
              "column": 15
            }
          },
          {
            "start": {},
            "end": {}
          }
        ],
        "line": 109
      },
      "7": {
        "loc": {
[...]
              "line": 63,
              "column": 26
            }
          },
          {
            "start": {},
            "end": {}
          }
        ],
        "line": 62
      },
      "5": {
        "loc": {
          "start": {
            "line": 75,
            "column": 4
          },
          "end": {
            "line": 83,
            "column": 12
          }
        },
        "type": "binary-expr",
        "locations": [
          {
            "start": {
              "line": 75,
              "column": 4
            },
            "end": {
              "line": 75,
              "column": 22
            }
          },
          {
            "start": {
              "line": 75,
              "column": 42
            },
            "end": {
              "line": 83,
              "column": 12
            }
          }
        ],
        "line": 75
      },
      "6": {
        "loc": {
          "start": {
            "line": 84,
            "column": 137
          },
          "end": {
            "line": 88,
            "column": 13
          }
        },
        "type": "binary-expr",
        "locations": [
          {
            "start": {
              "line": 84,
              "column": 137
            },
            "end": {
              "line": 84,
              "column": 148
            }
          },
          {
            "start": {
              "line": 84,
              "column": 152
            },
            "end": {
              "line": 88,
              "column": 13
            }
          }
        ],
        "line": 84
      },
      "7": {
        "loc": {
          "start": {
            "line": 97,
            "column": 4
          },
          "end": {
            "line": 101,
            "column": 12
          }
        },
        "type": "binary-expr",
        "locations": [
          {
            "start": {
              "line": 97,
              "column": 4
            },
            "end": {
              "line": 97,
              "column": 23
            }
          },
          {
            "start": {
              "line": 97,
              "column": 27
            },
            "end": {
              "line": 97,
              "column": 38
            }
          },
          {
            "start": {
              "line": 97,
              "column": 42
            },
            "end": {
              "line": 97,
              "column": 80
            }
          },
          {
            "start": {
              "line": 97,
              "column": 100
            },
            "end": {
              "line": 101,
              "column": 12
            }
          }
        ],
        "line": 97
      },
      "8": {
        "loc": {
          "start": {
            "line": 102,
            "column": 4
          },
          "end": {
            "line": 106,
            "column": 12
          }
        },
        "type": "binary-expr",
        "locations": [
          {
            "start": {
              "line": 102,
              "column": 4
            },
            "end": {
              "line": 102,
              "column": 17
            }
          },
          {
            "start": {
              "line": 102,
              "column": 37
            },
            "end": {
              "line": 106,
              "column": 12
            }
          }
        ],
        "line": 102
      },
      "9": {
        "loc": {
          "start": {
            "line": 107,
            "column": 4
          },
          "end": {
            "line": 111,
            "column": 12
          }
        },
        "type": "binary-expr",
        "locations": [
          {
            "start": {
              "line": 107,
              "column": 4
            },
            "end": {
              "line": 107,
              "column": 13
            }
          },
          {
            "start": {
              "line": 107,
              "column": 33
            },
            "end": {
              "line": 111,
              "column": 12
            }
          }
        ],
        "line": 107
      },
      "10": {
        "loc": {
          "start": {
            "line": 124,
            "column": 0
          },
          "end": {
            "line": 140,
            "column": 1
          }
        },
        "type": "if",
        "locations": [
          {
            "start": {
              "line": 124,
              "column": 0
            },
            "end": {
              "line": 140,
              "column": 1
            }
          },
          {
            "start": {},
            "end": {}
          }
        ],
        "line": 124
      },
      "11": {
        "loc": {
          "start": {
            "line": 133,
            "column": 6
          },
          "end": {
            "line": 134,
            "column": 15
          }
        },
        "type": "if",
        "locations": [
          {
            "start": {
              "line": 133,
              "column": 6
            },
            "end": {
              "line": 134,
              "column": 15
            }
          },
          {
            "start": {},
            "end": {}
          }
        ],
        "line": 133
      },
      "12": {
        "loc": {
          "start": {
            "line": 136,
            "column": 6
          },
          "end": {
            "line": 137,
            "column": 54
          }
        },
        "type": "if",
        "locations": [
          {
            "start": {
              "line": 136,
              "column": 6
            },
            "end": {
              "line": 137,
              "column": 54
            }
          },
          {
            "start": {},
            "end": {}
          }
        ],
        "line": 136
      }
    },
    "s": {
      "0": 20,
      "1": 20,
      "2": 0,
      "3": 20,
      "4": 20,
      "5": 20,
      "6": 20,
      "7": 20,
      "8": 20,
      "9": 20,
      "10": 146,
      "11": 146,
      "12": 146,
      "13": 146,
      "14": 251,
      "15": 146,
      "16": 146,
      "17": 146,
      "18": 146,
      "19": 146,
      "20": 24,
      "21": 24,
      "22": 0,
      "23": 146,
      "24": 6,
      "25": 6,
      "26": 146,
      "27": 2,
      "28": 2,
      "29": 2,
      "30": 146,
      "31": 2,
      "32": 146,
      "33": 2,
      "34": 2,
      "35": 2,
      "36": 0,
      "37": 146,
      "38": 32,
      "39": 2500,
      "40": 20,
      "41": 12,
      "42": 20,
      "43": 20,
      "44": 20,
      "45": 20,
      "46": 20,
      "47": 20,
      "48": 18,
      "49": 18,
      "50": 0,
      "51": 0,
      "52": 0,
      "53": 0,
      "54": 0
    },
    "f": {
      "0": 20,
      "1": 146,
      "2": 251,
      "3": 24,
      "4": 6,
      "5": 2,
      "6": 2,
      "7": 2,
      "8": 32,
      "9": 2500,
      "10": 12,
      "11": 18,
      "12": 0
    },
    "b": {
      "0": [
        20,
        0
      ],
      "1": [
        0,
        20
      ],
      "2": [
        24,
        0
      ],
      "3": [
        2,
        0
      ],
      "4": [
        0,
        2
      ],
      "5": [
        146,
        38
      ],
      "6": [
        146,
        116
      ],
      "7": [
        146,
        108,
        108,
        8
      ],
      "8": [
        146,
        0
      ],
      "9": [
        146,
        4
      ],
      "10": [
        20,
        0
      ],
      "11": [
        0,
        0
      ],
      "12": [
        0,
        0
      ]
    },
    "inputSourceMap": {
      "version": 3,
      "mappings": "AAqDI,mBAEI,cAFJ;;;;;;;;;;;;;;;;AArDJ,SAAiCA,WAAWC,gBAAgB;AAE5D,SAASC,YAAY;AACrB,SAASC,eAAe;AACxB,SAASC,oBAAoB;AAC7B,SAASC,gBAAgBC,sBAAsB;AAC/C,SAASC,qBAAqB;AAC9B,SAASC,iBAAiB;AAC1B,SAASC,wBAAwBC,0BAA0B;AAEpD,aAAMC,OAAOA,MAAM;AAAAC;AACxB,QAAM,CAACC,IAAIC,KAAK,IAAIb,SAAS,CAAC;AAC9B,QAAM,CAACc,WAAWC,YAAY,IAAIf,SAAS,EAAE;AAC7C,QAAMgB,OAAOX,eAAgBY,WAAUA,MAAMC,SAASC,UAAU;AAChE,QAAM,CAACC,WAAWC,YAAY,IAAIrB,SAAS,KAAK;AAEhD,QAAMsB,WAAWlB,eAAc;AAC/B,QAAM;AAAA,IACJmB,MAAMC;AAAAA,IACNC,OAAOC;AAAAA,IACPC,YAAYC;AAAAA,EACd,IAAIpB,uBAAuBM,SAAS;AACpC,QAAM;AAAA,IAAES;AAAAA,IAAMI;AAAAA,EAAW,IAAIlB,mBAAmBG,EAAE;AAElDb,YAAU,MAAM;AACd,QAAI,CAACiB;AAAM;AACXD,iBAAaC,IAAI;AAAA,EAEnB,GAAG,EAAE;AAEL,QAAMa,WAAWA,CAACC,MAAkC;AAClDA,MAAEC,eAAc;AAChBhB,iBAAaC,IAAI;AAAA,EACnB;AAEA,QAAMgB,aAAaA,CAACpB,QAAe;AACjC,QAAIA,KAAI;AACNC,YAAMD,GAAE;AACRS,mBAAa,IAAI;AAAA,IACnB;AAAA,EACF;AAEA,QAAMY,cAAcA,MAAM;AACxBZ,iBAAa,KAAK;AAAA,EACpB;AAEA,QAAMa,cAAcA,CAACJ,MAAwC;AAC3D,UAAMK,SAASL,EAAEK;AACjB,UAAMC,SAASD,OAAOE,QAAQ,gBAAgB;AAC9C,QAAI,CAACD;AAAQf,mBAAa,KAAK;AAAA,EACjC;AAEA,SACE,mCACE;AAAA,2BAAC,SAAI,WAAU,qEACb,iCAAC,aACC,MACA,UACA,SAAS,CAACS,MAAqCR,SAAShB,cAAcwB,EAAEK,OAAOG,KAAK,CAAC,KAHvF;AAAA;AAAA;AAAA;AAAA,WAGyF,KAJ3F;AAAA;AAAA;AAAA;AAAA,WAMA;AAAA,IAECV,sBACC,uBAAC,SAAI,WAAU,0BACb,iCAAC,WAAQ,WAAU,wCAAnB;AAAA;AAAA;AAAA;AAAA,WAAuD,KADzD;AAAA;AAAA;AAAA;AAAA,WAEA;AAAA,IAGF,uBAAC,SAAI,WAAU,oBACb,iCAAC,SAAI,WAAU,OACZJ,yBACCA,YAAYN,SAASqB,IAAKC,UACxB,uBAAC,QAAmB,MAAMA,MAAM,cAArBA,KAAK5B,IAAhB;AAAA;AAAA;AAAA;AAAA,WAAuD,CACxD,KAJL;AAAA;AAAA;AAAA;AAAA,WAKA,KANF;AAAA;AAAA;AAAA;AAAA,WAOA;AAAA,IAEC,CAACgB,sBAAsBJ,eAAe,CAACiB,QAAQjB,YAAYN,UAAUwB,MAAM,KAC1E,uBAAC,QAAG,WAAU,kBAAkB,kCAAhC;AAAA;AAAA;AAAA;AAAA,WAAqD;AAAA,IAGtDhB,iBAAiB,uBAAC,QAAG,WAAU,kBAAmB,aAAEA,mBAAnC;AAAA;AAAA;AAAA;AAAA,WAAmD;AAAA,IAEpEN,aACC,uBAAC,gBACC,MACA,aACA,aACA,WAAWO,cAJb;AAAA;AAAA;AAAA;AAAA,WAIwB;AAAA,OAnC5B;AAAA;AAAA;AAAA;AAAA,SAsCA;AAEJ;AAAEhB,GAnFWD,MAAI;AAAA,UAGFL,gBAGID,gBAKbI,wBACyBC,kBAAkB;AAAA;AAAAkC,KAZpCjC;AAAI;AAAAkC",
      "names": [
        "useEffect",
        "useState",
        "Card",
        "Spinner",
        "CardExpanded",
        "useAppDispatch",
        "useAppSelector",
        "setSearchText",
        "SearchBar",
        "useGetAllProductsQuery",
        "useGetProductQuery",
        "Home",
        "_s",
        "id",
        "setId",
        "queryText",
        "setQueryText",
        "text",
        "state",
        "products",
        "searchText",
        "showModal",
        "setShowModal",
        "dispatch",
        "data",
        "productsApi",
        "error",
        "errorProducts",
        "isFetching",
        "isFetchingProducts",
        "onSubmit",
        "e",
        "preventDefault",
        "handleOpen",
        "handleClose",
        "handleModal",
        "target",
        "isCard",
        "closest",
        "value",
        "map",
        "item",
        "Boolean",
        "length",
        "_c",
        "$RefreshReg$"
      ],
      "sources": [
        "F:/RS_School/react/src/pages/home/home.tsx"
      ],
      "file": "F:/RS_School/react/src/pages/home/home.tsx"
    },
    "_coverageSchema": "1a1c01bbd47fc00a2c39e90264f33305004495a9",
    "hash": "ad4102222f5333ffe7e215555407f6fa12edc21c"
  },
  "F:/RS_School/react/src/router.tsx": {
    "path": "F:/RS_School/react/src/router.tsx",
    "statementMap": {
      "0": {
        "start": {
          "line": 8,
          "column": 22
        },
        "end": {
          "line": 51,
          "column": 2
        }
      }
    },
    "fnMap": {},
    "branchMap": {},
    "s": {
      "0": 20
    },
    "f": {},
    "b": {},
    "inputSourceMap": {
      "version": 3,
      "mappings": "AAWa;AAXb,SAASA,gBAAgB;AAEzB,SAASC,aAAa;AACtB,SAASC,iBAAiB;AAC1B,SAASC,YAAY;AACrB,SAASC,gBAAgB;AACzB,SAASC,YAAY;AAEd,aAAMC,SAAS,CACpB;AAAA,EACEC,MAAM;AAAA,EACNC,SAAS,uBAAC,UAAD;AAAA;AAAA;AAAA;AAAA,SAAK;AAAA,EACdC,UAAU,CACR;AAAA,IACEF,MAAM;AAAA,IACNC,SAAS,uBAAC,UAAD;AAAA;AAAA;AAAA;AAAA,WAAK;AAAA,EAChB,GACA;AAAA,IACED,MAAM;AAAA,IACNC,SAAS,uBAAC,WAAD;AAAA;AAAA;AAAA;AAAA,WAAM;AAAA,EACjB,GACA;AAAA,IACED,MAAM;AAAA,IACNC,SAAS,uBAAC,cAAD;AAAA;AAAA;AAAA;AAAA,WAAS;AAAA,EACpB,GACA;AAAA,IACED,MAAM;AAAA,IACNC,SAAS,uBAAC,YAAS,IAAG,QAAO,SAAO,QAA3B;AAAA;AAAA;AAAA;AAAA,WAA2B;AAAA,EACtC,GACA;AAAA,IACED,MAAM;AAAA,IACNC,SAAS,uBAAC,eAAD;AAAA;AAAA;AAAA;AAAA,WAAU;AAAA,EACrB,CAAC;AAEL,CAAC",
      "names": [
        "Navigate",
        "About",
        "ErrorPage",
        "Main",
        "FormPage",
        "Home",
        "routes",
        "path",
        "element",
        "children"
      ],
      "sources": [
        "F:/RS_School/react/src/router.tsx"
      ],
      "file": "F:/RS_School/react/src/router.tsx"
    },
    "_coverageSchema": "1a1c01bbd47fc00a2c39e90264f33305004495a9",
    "hash": "a2bfa8a2f3530864861c0c4eeba55b1235972fb3"
  },
  "F:/RS_School/react/src/entry-client.tsx": {
    "path": "F:/RS_School/react/src/entry-client.tsx",
    "statementMap": {
      "0": {
        "start": {
          "line": 9,
          "column": 15
        },
        "end": {
          "line": 9,
          "column": 42
        }
      },
      "1": {
        "start": {
          "line": 10,
          "column": 0
        },
        "end": {
          "line": 22,
          "column": 10
        }
      }
    },
    "fnMap": {},
    "branchMap": {},
    "s": {
      "0": 20,
      "1": 20
    },
    "f": {},
    "b": {},
    "inputSourceMap": {
      "version": 3,
      "mappings": "AAeM;AAfN,OAAOA,WAAW;AAClB,SAASC,mBAAmB;AAC5B,SAASC,gBAAgB;AACzB,SAASC,gBAAgBC,2BAA2B;AAEpD,SAASC,kBAAkB;AAC3B,OAAO;AACP,SAASC,cAAc;AAEvB,MAAMC,SAASH,oBAAoBE,MAAM;AAEzCL,YACEO,SAASC,eAAe,SAAS,GACjC,uBAAC,MAAM,YAAN,EACC,iCAAC,YAAS,OAAOJ,WAAU,GACzB,iCAAC,kBAAe,UAAhB;AAAA;AAAA;AAAA;AAAA,OAA+B,KADjC;AAAA;AAAA;AAAA;AAAA,OAEA,KAHF;AAAA;AAAA;AAAA;AAAA,OAIA,CAAmB",
      "names": [
        "React",
        "hydrateRoot",
        "Provider",
        "RouterProvider",
        "createBrowserRouter",
        "setupStore",
        "routes",
        "router",
        "document",
        "getElementById"
      ],
      "sources": [
        "F:/RS_School/react/src/entry-client.tsx"
      ],
      "file": "F:/RS_School/react/src/entry-client.tsx"
    },
    "_coverageSchema": "1a1c01bbd47fc00a2c39e90264f33305004495a9",
    "hash": "d3cfa351724b46208829fec3a53f26f5416a1e79"
  },
  "F:/RS_School/react/src/setupTests.ts": {
    "path": "F:/RS_School/react/src/setupTests.ts",
    "statementMap": {},
    "fnMap": {},
    "branchMap": {},
    "s": {},
    "f": {},
    "b": {}
  },
  "F:/RS_School/react/src/mocks/handlers.ts": {
    "path": "F:/RS_School/react/src/mocks/handlers.ts",
    "statementMap": {},
    "fnMap": {},
    "branchMap": {},
    "s": {},
    "f": {},
    "b": {}
  },
  "F:/RS_School/react/src/mocks/server.ts": {
    "path": "F:/RS_School/react/src/mocks/server.ts",
    "statementMap": {},
    "fnMap": {},
    "branchMap": {},
    "s": {},
    "f": {},
    "b": {}
  },
  "F:/RS_School/react/src/App.test.tsx": {
    "path": "F:/RS_School/react/src/App.test.tsx",
    "statementMap": {},
    "fnMap": {},
    "branchMap": {},
    "s": {},
    "f": {},
    "b": {}
  },
  "F:/RS_School/react/src/App.tsx": {
    "path": "F:/RS_School/react/src/App.tsx",
    "statementMap": {},
    "fnMap": {},
    "branchMap": {},
    "s": {},
    "f": {},
    "b": {}
  },
  "F:/RS_School/react/src/entry-server.tsx": {
    "path": "F:/RS_School/react/src/entry-server.tsx",
    "statementMap": {},
    "fnMap": {},
    "branchMap": {},
    "s": {},
    "f": {},
    "b": {}
  },
  "F:/RS_School/react/src/main.tsx": {
    "path": "F:/RS_School/react/src/main.tsx",
    "statementMap": {},
    "fnMap": {},
    "branchMap": {},
    "s": {},
    "f": {},
    "b": {}
  },
  "F:/RS_School/react/src/types/data.tsx": {
    "path": "F:/RS_School/react/src/types/data.tsx",
    "statementMap": {},
    "fnMap": {},
    "branchMap": {},
    "s": {},
    "f": {},
    "b": {}
  },
  "F:/RS_School/react/src/utils/test-utils.tsx": {
    "path": "F:/RS_School/react/src/utils/test-utils.tsx",
    "statementMap": {},
    "fnMap": {},
    "branchMap": {},
    "s": {},
    "f": {},
    "b": {}
  },
  "F:/RS_School/react/src/components/card/card.test.tsx": {
    "path": "F:/RS_School/react/src/components/card/card.test.tsx",
    "statementMap": {},
    "fnMap": {},
    "branchMap": {},
    "s": {},
    "f": {},
    "b": {}
  },
  "F:/RS_School/react/src/components/card-expanded/card-expanded.test.tsx": {
    "path": "F:/RS_School/react/src/components/card-expanded/card-expanded.test.tsx",
    "statementMap": {},
    "fnMap": {},
    "branchMap": {},
    "s": {},
    "f": {},
    "b": {}
  },
  "F:/RS_School/react/src/components/card-form/cardform.test.tsx": {
    "path": "F:/RS_School/react/src/components/card-form/cardform.test.tsx",
    "statementMap": {},
    "fnMap": {},
    "branchMap": {},
    "s": {},
    "f": {},
    "b": {}
  },
  "F:/RS_School/react/src/components/footer/footer.test.tsx": {
    "path": "F:/RS_School/react/src/components/footer/footer.test.tsx",
    "statementMap": {},
    "fnMap": {},
    "branchMap": {},
    "s": {},
    "f": {},
    "b": {}
  },
  "F:/RS_School/react/src/components/form/form.test.tsx": {
    "path": "F:/RS_School/react/src/components/form/form.test.tsx",
    "statementMap": {},
    "fnMap": {},
    "branchMap": {},
    "s": {},
    "f": {},
    "b": {}
  },
  "F:/RS_School/react/src/components/header/header.test.tsx": {
    "path": "F:/RS_School/react/src/components/header/header.test.tsx",
    "statementMap": {},
    "fnMap": {},
    "branchMap": {},
    "s": {},
    "f": {},
    "b": {}
  },
  "F:/RS_School/react/src/components/toast/toast.test.tsx": {
    "path": "F:/RS_School/react/src/components/toast/toast.test.tsx",
    "statementMap": {},
    "fnMap": {},
    "branchMap": {},
    "s": {},
    "f": {},
    "b": {}
  },
  "F:/RS_School/react/src/pages/about/about.test.tsx": {
    "path": "F:/RS_School/react/src/pages/about/about.test.tsx",
    "statementMap": {},
    "fnMap": {},
    "branchMap": {},
    "s": {},
    "f": {},
    "b": {}
  },
  "F:/RS_School/react/src/pages/error/errorPage.test.tsx": {
    "path": "F:/RS_School/react/src/pages/error/errorPage.test.tsx",
    "statementMap": {},
    "fnMap": {},
    "branchMap": {},
    "s": {},
    "f": {},
    "b": {}
  },
  "F:/RS_School/react/src/pages/form/formPage.test.tsx": {
    "path": "F:/RS_School/react/src/pages/form/formPage.test.tsx",
    "statementMap": {},
    "fnMap": {},
    "branchMap": {},
    "s": {},
    "f": {},
    "b": {}
  },
  "F:/RS_School/react/src/pages/home/home.test.tsx": {
    "path": "F:/RS_School/react/src/pages/home/home.test.tsx",
    "statementMap": {},
    "fnMap": {},
    "branchMap": {},
    "s": {},
    "f": {},
    "b": {}
  },
  "F:/RS_School/react/src/components/form/checkboxinput/checkboxinput.test.tsx": {
    "path": "F:/RS_School/react/src/components/form/checkboxinput/checkboxinput.test.tsx",
    "statementMap": {},
    "fnMap": {},
    "branchMap": {},
    "s": {},
    "f": {},
    "b": {}
  },
  "F:/RS_School/react/src/components/form/dateinput/dateinput.test.tsx": {
    "path": "F:/RS_School/react/src/components/form/dateinput/dateinput.test.tsx",
    "statementMap": {},
    "fnMap": {},
    "branchMap": {},
    "s": {},
    "f": {},
    "b": {}
  },
  "F:/RS_School/react/src/components/form/fileinput/fileinput.test.tsx": {
    "path": "F:/RS_School/react/src/components/form/fileinput/fileinput.test.tsx",
    "statementMap": {},
    "fnMap": {},
    "branchMap": {},
    "s": {},
    "f": {},
    "b": {}
  },
  "F:/RS_School/react/src/components/form/radioinput/radioinput.test.tsx": {
    "path": "F:/RS_School/react/src/components/form/radioinput/radioinput.test.tsx",
    "statementMap": {},
    "fnMap": {},
    "branchMap": {},
    "s": {},
    "f": {},
    "b": {}
  },
  "F:/RS_School/react/src/components/form/selectinput/selectinut.test.tsx": {
    "path": "F:/RS_School/react/src/components/form/selectinput/selectinut.test.tsx",
    "statementMap": {},
    "fnMap": {},
    "branchMap": {},
    "s": {},
    "f": {},
    "b": {}
  },
  "F:/RS_School/react/src/components/form/textinput/textinput.test.tsx": {
    "path": "F:/RS_School/react/src/components/form/textinput/textinput.test.tsx",
    "statementMap": {},
    "fnMap": {},
    "branchMap": {},
    "s": {},
    "f": {},
    "b": {}
  }
}
